17:10:00 **** Rebuild of configuration Debug for project Sorting ****
Info: Internal Builder is used for build
gcc -O0 -g3 -Wall -c -fmessage-length=0 -o "src\\Sorting.o" "..\\src\\Sorting.c" 
gcc -o Sorting.exe "src\\Sorting.o" 
17:10:05 **** Incremental Build of configuration Debug for project Sorting ****
Info: Internal Builder is used for build
gcc -O0 -g3 -Wall -c -fmessage-length=0 -o "src\\Sorting.o" "..\\src\\Sorting.c" 
gcc -o Sorting.exe "src\\Sorting.o" 
17:10:31 **** Incremental Build of configuration Debug for project Sorting ****
Info: Internal Builder is used for build
gcc -O0 -g3 -Wall -c -fmessage-length=0 -o "src\\Sorting.o" "..\\src\\Sorting.c" 
gcc -o Sorting.exe "src\\Sorting.o" 
Info: Nothing to build for Sorting
17:12:43 **** Incremental Build of configuration Debug for project Sorting ****
Info: Internal Builder is used for build
gcc -O0 -g3 -Wall -c -fmessage-length=0 -o "src\\Sorting.o" "..\\src\\Sorting.c" 
gcc -o Sorting.exe "src\\Sorting.o" 
17:21:43 **** Incremental Build of configuration Debug for project Sorting ****
Info: Internal Builder is used for build
gcc -O0 -g3 -Wall -c -fmessage-length=0 -o "src\\Sorting.o" "..\\src\\Sorting.c" 
gcc -o Sorting.exe "src\\Sorting.o" 
